# JRE version: Java(TM) SE Runtime Environment (17.0.1+12) (build 17.0.1+12-LTS-39)
# Java VM: Java HotSpot(TM) 64-Bit Server VM (17.0.1+12-LTS-39, mixed mode, emulated-client, sharing, tiered, compressed oops, compressed class ptrs, g1 gc, windows-amd64)
GC Precious Log:
 CPUs: 12 total, 12 available
 Memory: 6005M
 Large Page Support: Disabled
 NUMA Support: Disabled
 Compressed Oops: Enabled (32-bit)
 Heap Region Size: 1M
 Heap Min Capacity: 8M
 Heap Initial Capacity: 94M
 Heap Max Capacity: 1502M
 Pre-touch: Disabled
 Parallel Workers: 10
 Concurrent Workers: 3
 Concurrent Refinement Workers: 10
 Periodic GC: Disabled
Heap:
 garbage-first heap   total 188416K, used 107287K [0x00000000a2200000, 0x0000000100000000)
  region size 1024K, 5 young (5120K), 5 survivors (5120K)
 Metaspace       used 63426K, committed 64064K, reserved 1105920K
  class space    used 9490K, committed 9792K, reserved 1048576K
GC Heap History (20 events):
Event: 6.954 GC heap after
{Heap after GC invocations=17 (full 0):
 garbage-first heap   total 132096K, used 52832K [0x00000000a2200000, 0x0000000100000000)
  region size 1024K, 10 young (10240K), 10 survivors (10240K)
 Metaspace       used 61662K, committed 62336K, reserved 1105920K
  class space    used 9113K, committed 9408K, reserved 1048576K
}
Event: 7.044 GC heap before
{Heap before GC invocations=17 (full 0):
 garbage-first heap   total 132096K, used 95840K [0x00000000a2200000, 0x0000000100000000)
  region size 1024K, 52 young (53248K), 10 survivors (10240K)
 Metaspace       used 61672K, committed 62336K, reserved 1105920K
  class space    used 9115K, committed 9408K, reserved 1048576K
}
Event: 7.051 GC heap after
{Heap after GC invocations=18 (full 0):
 garbage-first heap   total 132096K, used 57345K [0x00000000a2200000, 0x0000000100000000)
  region size 1024K, 4 young (4096K), 4 survivors (4096K)
 Metaspace       used 61672K, committed 62336K, reserved 1105920K
  class space    used 9115K, committed 9408K, reserved 1048576K
}
Event: 7.168 GC heap before
{Heap before GC invocations=18 (full 0):
 garbage-first heap   total 132096K, used 99329K [0x00000000a2200000, 0x0000000100000000)
  region size 1024K, 45 young (46080K), 4 survivors (4096K)
 Metaspace       used 61673K, committed 62336K, reserved 1105920K
  class space    used 9115K, committed 9408K, reserved 1048576K
}
Event: 7.172 GC heap after
{Heap after GC invocations=19 (full 0):
 garbage-first heap   total 132096K, used 56988K [0x00000000a2200000, 0x0000000100000000)
  region size 1024K, 4 young (4096K), 4 survivors (4096K)
 Metaspace       used 61673K, committed 62336K, reserved 1105920K
  class space    used 9115K, committed 9408K, reserved 1048576K
}
Event: 7.440 GC heap before
{Heap before GC invocations=19 (full 0):
 garbage-first heap   total 132096K, used 99996K [0x00000000a2200000, 0x0000000100000000)
  region size 1024K, 47 young (48128K), 4 survivors (4096K)
 Metaspace       used 63414K, committed 64064K, reserved 1105920K
  class space    used 9490K, committed 9792K, reserved 1048576K
}
Event: 7.449 GC heap after
{Heap after GC invocations=20 (full 0):
 garbage-first heap   total 132096K, used 67136K [0x00000000a2200000, 0x0000000100000000)
  region size 1024K, 6 young (6144K), 6 survivors (6144K)
 Metaspace       used 63414K, committed 64064K, reserved 1105920K
  class space    used 9490K, committed 9792K, reserved 1048576K
}
Event: 7.534 GC heap before
{Heap before GC invocations=20 (full 0):
 garbage-first heap   total 132096K, used 99904K [0x00000000a2200000, 0x0000000100000000)
  region size 1024K, 38 young (38912K), 6 survivors (6144K)
 Metaspace       used 63424K, committed 64064K, reserved 1105920K
  class space    used 9490K, committed 9792K, reserved 1048576K
}
Event: 7.543 GC heap after
{Heap after GC invocations=21 (full 0):
 garbage-first heap   total 188416K, used 73759K [0x00000000a2200000, 0x0000000100000000)
  region size 1024K, 5 young (5120K), 5 survivors (5120K)
 Metaspace       used 63424K, committed 64064K, reserved 1105920K
  class space    used 9490K, committed 9792K, reserved 1048576K
}
Event: 7.723 GC heap before
{Heap before GC invocations=22 (full 0):
 garbage-first heap   total 188416K, used 124959K [0x00000000a2200000, 0x0000000100000000)
  region size 1024K, 62 young (63488K), 5 survivors (5120K)
 Metaspace       used 63424K, committed 64064K, reserved 1105920K
  class space    used 9490K, committed 9792K, reserved 1048576K
}
Event: 7.741 GC heap after
{Heap after GC invocations=23 (full 0):
 garbage-first heap   total 188416K, used 89516K [0x00000000a2200000, 0x0000000100000000)
  region size 1024K, 8 young (8192K), 8 survivors (8192K)
 Metaspace       used 63424K, committed 64064K, reserved 1105920K
  class space    used 9490K, committed 9792K, reserved 1048576K
}
Event: 7.744 GC heap before
{Heap before GC invocations=23 (full 0):
 garbage-first heap   total 188416K, used 90540K [0x00000000a2200000, 0x0000000100000000)
  region size 1024K, 9 young (9216K), 8 survivors (8192K)
 Metaspace       used 63424K, committed 64064K, reserved 1105920K
  class space    used 9490K, committed 9792K, reserved 1048576K
}
Event: 7.751 GC heap after
{Heap after GC invocations=24 (full 0):
 garbage-first heap   total 188416K, used 89984K [0x00000000a2200000, 0x0000000100000000)
  region size 1024K, 1 young (1024K), 1 survivors (1024K)
 Metaspace       used 63424K, committed 64064K, reserved 1105920K
  class space    used 9490K, committed 9792K, reserved 1048576K
}
Event: 7.819 GC heap before
{Heap before GC invocations=24 (full 0):
 garbage-first heap   total 188416K, used 118656K [0x00000000a2200000, 0x0000000100000000)
  region size 1024K, 30 young (30720K), 1 survivors (1024K)
 Metaspace       used 63424K, committed 64064K, reserved 1105920K
  class space    used 9490K, committed 9792K, reserved 1048576K
}
Event: 7.829 GC heap after
{Heap after GC invocations=25 (full 0):
 garbage-first heap   total 188416K, used 101457K [0x00000000a2200000, 0x0000000100000000)
  region size 1024K, 6 young (6144K), 6 survivors (6144K)
 Metaspace       used 63424K, committed 64064K, reserved 1105920K
  class space    used 9490K, committed 9792K, reserved 1048576K
}
Event: 7.939 GC heap before
{Heap before GC invocations=26 (full 0):
 garbage-first heap   total 188416K, used 131153K [0x00000000a2200000, 0x0000000100000000)
  region size 1024K, 41 young (41984K), 6 survivors (6144K)
 Metaspace       used 63424K, committed 64064K, reserved 1105920K
  class space    used 9490K, committed 9792K, reserved 1048576K
}
Event: 7.952 GC heap after
{Heap after GC invocations=27 (full 0):
 garbage-first heap   total 188416K, used 109468K [0x00000000a2200000, 0x0000000100000000)
  region size 1024K, 6 young (6144K), 6 survivors (6144K)
 Metaspace       used 63424K, committed 64064K, reserved 1105920K
  class space    used 9490K, committed 9792K, reserved 1048576K
}
Event: 7.960 GC heap before
{Heap before GC invocations=27 (full 0):
 garbage-first heap   total 188416K, used 112540K [0x00000000a2200000, 0x0000000100000000)
  region size 1024K, 9 young (9216K), 6 survivors (6144K)
 Metaspace       used 63424K, committed 64064K, reserved 1105920K
  class space    used 9490K, committed 9792K, reserved 1048576K
}
Event: 7.967 GC heap after
{Heap after GC invocations=28 (full 0):
 garbage-first heap   total 188416K, used 103165K [0x00000000a2200000, 0x0000000100000000)
  region size 1024K, 2 young (2048K), 2 survivors (2048K)
 Metaspace       used 63424K, committed 64064K, reserved 1105920K
  class space    used 9490K, committed 9792K, reserved 1048576K
}
Event: 8.040 GC heap before
{Heap before GC invocations=28 (full 0):
 garbage-first heap   total 188416K, used 136957K [0x00000000a2200000, 0x0000000100000000)
  region size 1024K, 35 young (35840K), 2 survivors (2048K)
 Metaspace       used 63426K, committed 64064K, reserved 1105920K
  class space    used 9490K, committed 9792K, reserved 1048576K
}

