# JRE version: Java(TM) SE Runtime Environment (17.0.1+12) (build 17.0.1+12-LTS-39)
# Java VM: Java HotSpot(TM) 64-Bit Server VM (17.0.1+12-LTS-39, mixed mode, emulated-client, sharing, tiered, compressed oops, compressed class ptrs, g1 gc, windows-amd64)
GC Precious Log:
 CPUs: 12 total, 12 available
 Memory: 6005M
 Large Page Support: Disabled
 NUMA Support: Disabled
 Compressed Oops: Enabled (32-bit)
 Heap Region Size: 1M
 Heap Min Capacity: 8M
 Heap Initial Capacity: 94M
 Heap Max Capacity: 1502M
 Pre-touch: Disabled
 Parallel Workers: 10
 Concurrent Workers: 3
 Concurrent Refinement Workers: 10
 Periodic GC: Disabled
Heap:
 garbage-first heap   total 198656K, used 108649K [0x00000000a2200000, 0x0000000100000000)
  region size 1024K, 5 young (5120K), 5 survivors (5120K)
 Metaspace       used 64824K, committed 65536K, reserved 1105920K
  class space    used 9696K, committed 10048K, reserved 1048576K
GC Heap History (20 events):
Event: 14.933 GC heap after
{Heap after GC invocations=20 (full 0):
 garbage-first heap   total 122880K, used 43786K [0x00000000a2200000, 0x0000000100000000)
  region size 1024K, 6 young (6144K), 6 survivors (6144K)
 Metaspace       used 64807K, committed 65536K, reserved 1105920K
  class space    used 9695K, committed 10048K, reserved 1048576K
}
Event: 15.154 GC heap before
{Heap before GC invocations=20 (full 0):
 garbage-first heap   total 122880K, used 98058K [0x00000000a2200000, 0x0000000100000000)
  region size 1024K, 59 young (60416K), 6 survivors (6144K)
 Metaspace       used 64812K, committed 65536K, reserved 1105920K
  class space    used 9695K, committed 10048K, reserved 1048576K
}
Event: 15.164 GC heap after
{Heap after GC invocations=21 (full 0):
 garbage-first heap   total 122880K, used 50965K [0x00000000a2200000, 0x0000000100000000)
  region size 1024K, 8 young (8192K), 8 survivors (8192K)
 Metaspace       used 64812K, committed 65536K, reserved 1105920K
  class space    used 9695K, committed 10048K, reserved 1048576K
}
Event: 15.353 GC heap before
{Heap before GC invocations=21 (full 0):
 garbage-first heap   total 122880K, used 91925K [0x00000000a2200000, 0x0000000100000000)
  region size 1024K, 48 young (49152K), 8 survivors (8192K)
 Metaspace       used 64820K, committed 65536K, reserved 1105920K
  class space    used 9696K, committed 10048K, reserved 1048576K
}
Event: 15.364 GC heap after
{Heap after GC invocations=22 (full 0):
 garbage-first heap   total 122880K, used 57357K [0x00000000a2200000, 0x0000000100000000)
  region size 1024K, 6 young (6144K), 6 survivors (6144K)
 Metaspace       used 64820K, committed 65536K, reserved 1105920K
  class space    used 9696K, committed 10048K, reserved 1048576K
}
Event: 15.505 GC heap before
{Heap before GC invocations=22 (full 0):
 garbage-first heap   total 122880K, used 91149K [0x00000000a2200000, 0x0000000100000000)
  region size 1024K, 39 young (39936K), 6 survivors (6144K)
 Metaspace       used 64823K, committed 65536K, reserved 1105920K
  class space    used 9696K, committed 10048K, reserved 1048576K
}
Event: 15.517 GC heap after
{Heap after GC invocations=23 (full 0):
 garbage-first heap   total 122880K, used 69156K [0x00000000a2200000, 0x0000000100000000)
  region size 1024K, 5 young (5120K), 5 survivors (5120K)
 Metaspace       used 64823K, committed 65536K, reserved 1105920K
  class space    used 9696K, committed 10048K, reserved 1048576K
}
Event: 15.617 GC heap before
{Heap before GC invocations=23 (full 0):
 garbage-first heap   total 122880K, used 91684K [0x00000000a2200000, 0x0000000100000000)
  region size 1024K, 27 young (27648K), 5 survivors (5120K)
 Metaspace       used 64823K, committed 65536K, reserved 1105920K
  class space    used 9696K, committed 10048K, reserved 1048576K
}
Event: 15.632 GC heap after
{Heap after GC invocations=24 (full 0):
 garbage-first heap   total 183296K, used 79333K [0x00000000a2200000, 0x0000000100000000)
  region size 1024K, 4 young (4096K), 4 survivors (4096K)
 Metaspace       used 64823K, committed 65536K, reserved 1105920K
  class space    used 9696K, committed 10048K, reserved 1048576K
}
Event: 15.876 GC heap before
{Heap before GC invocations=25 (full 0):
 garbage-first heap   total 183296K, used 125413K [0x00000000a2200000, 0x0000000100000000)
  region size 1024K, 50 young (51200K), 4 survivors (4096K)
 Metaspace       used 64823K, committed 65536K, reserved 1105920K
  class space    used 9696K, committed 10048K, reserved 1048576K
}
Event: 15.897 GC heap after
{Heap after GC invocations=26 (full 0):
 garbage-first heap   total 183296K, used 96958K [0x00000000a2200000, 0x0000000100000000)
  region size 1024K, 7 young (7168K), 7 survivors (7168K)
 Metaspace       used 64823K, committed 65536K, reserved 1105920K
  class space    used 9696K, committed 10048K, reserved 1048576K
}
Event: 15.906 GC heap before
{Heap before GC invocations=26 (full 0):
 garbage-first heap   total 183296K, used 97982K [0x00000000a2200000, 0x0000000100000000)
  region size 1024K, 8 young (8192K), 7 survivors (7168K)
 Metaspace       used 64823K, committed 65536K, reserved 1105920K
  class space    used 9696K, committed 10048K, reserved 1048576K
}
Event: 15.920 GC heap after
{Heap after GC invocations=27 (full 0):
 garbage-first heap   total 183296K, used 97934K [0x00000000a2200000, 0x0000000100000000)
  region size 1024K, 1 young (1024K), 1 survivors (1024K)
 Metaspace       used 64823K, committed 65536K, reserved 1105920K
  class space    used 9696K, committed 10048K, reserved 1048576K
}
Event: 15.976 GC heap before
{Heap before GC invocations=27 (full 0):
 garbage-first heap   total 183296K, used 110222K [0x00000000a2200000, 0x0000000100000000)
  region size 1024K, 14 young (14336K), 1 survivors (1024K)
 Metaspace       used 64823K, committed 65536K, reserved 1105920K
  class space    used 9696K, committed 10048K, reserved 1048576K
}
Event: 15.983 GC heap after
{Heap after GC invocations=28 (full 0):
 garbage-first heap   total 183296K, used 103728K [0x00000000a2200000, 0x0000000100000000)
  region size 1024K, 5 young (5120K), 5 survivors (5120K)
 Metaspace       used 64823K, committed 65536K, reserved 1105920K
  class space    used 9696K, committed 10048K, reserved 1048576K
}
Event: 16.148 GC heap before
{Heap before GC invocations=29 (full 0):
 garbage-first heap   total 198656K, used 135472K [0x00000000a2200000, 0x0000000100000000)
  region size 1024K, 35 young (35840K), 5 survivors (5120K)
 Metaspace       used 64823K, committed 65536K, reserved 1105920K
  class space    used 9696K, committed 10048K, reserved 1048576K
}
Event: 16.163 GC heap after
{Heap after GC invocations=30 (full 0):
 garbage-first heap   total 198656K, used 116202K [0x00000000a2200000, 0x0000000100000000)
  region size 1024K, 5 young (5120K), 5 survivors (5120K)
 Metaspace       used 64823K, committed 65536K, reserved 1105920K
  class space    used 9696K, committed 10048K, reserved 1048576K
}
Event: 16.181 GC heap before
{Heap before GC invocations=30 (full 0):
 garbage-first heap   total 198656K, used 120298K [0x00000000a2200000, 0x0000000100000000)
  region size 1024K, 9 young (9216K), 5 survivors (5120K)
 Metaspace       used 64823K, committed 65536K, reserved 1105920K
  class space    used 9696K, committed 10048K, reserved 1048576K
}
Event: 16.188 GC heap after
{Heap after GC invocations=31 (full 0):
 garbage-first heap   total 198656K, used 101963K [0x00000000a2200000, 0x0000000100000000)
  region size 1024K, 2 young (2048K), 2 survivors (2048K)
 Metaspace       used 64823K, committed 65536K, reserved 1105920K
  class space    used 9696K, committed 10048K, reserved 1048576K
}
Event: 16.350 GC heap before
{Heap before GC invocations=31 (full 0):
 garbage-first heap   total 198656K, used 140875K [0x00000000a2200000, 0x0000000100000000)
  region size 1024K, 40 young (40960K), 2 survivors (2048K)
 Metaspace       used 64824K, committed 65536K, reserved 1105920K
  class space    used 9696K, committed 10048K, reserved 1048576K
}

