# JRE version: Java(TM) SE Runtime Environment (17.0.1+12) (build 17.0.1+12-LTS-39)
# Java VM: Java HotSpot(TM) 64-Bit Server VM (17.0.1+12-LTS-39, mixed mode, emulated-client, sharing, tiered, compressed oops, compressed class ptrs, g1 gc, windows-amd64)
GC Precious Log:
 CPUs: 12 total, 12 available
 Memory: 6005M
 Large Page Support: Disabled
 NUMA Support: Disabled
 Compressed Oops: Enabled (32-bit)
 Heap Region Size: 1M
 Heap Min Capacity: 8M
 Heap Initial Capacity: 94M
 Heap Max Capacity: 1502M
 Pre-touch: Disabled
 Parallel Workers: 10
 Concurrent Workers: 3
 Concurrent Refinement Workers: 10
 Periodic GC: Disabled
Heap:
 garbage-first heap   total 78848K, used 30492K [0x00000000a2200000, 0x0000000100000000)
  region size 1024K, 3 young (3072K), 3 survivors (3072K)
 Metaspace       used 43281K, committed 43840K, reserved 1089536K
  class space    used 6141K, committed 6400K, reserved 1048576K
GC Heap History (20 events):
Event: 3.416 GC heap after
{Heap after GC invocations=3 (full 0):
 garbage-first heap   total 96256K, used 16852K [0x00000000a2200000, 0x0000000100000000)
  region size 1024K, 5 young (5120K), 5 survivors (5120K)
 Metaspace       used 16585K, committed 16896K, reserved 1064960K
  class space    used 2254K, committed 2368K, reserved 1048576K
}
Event: 3.879 GC heap before
{Heap before GC invocations=3 (full 0):
 garbage-first heap   total 96256K, used 55764K [0x00000000a2200000, 0x0000000100000000)
  region size 1024K, 44 young (45056K), 5 survivors (5120K)
 Metaspace       used 19128K, committed 19520K, reserved 1073152K
  class space    used 2625K, committed 2816K, reserved 1048576K
}
Event: 3.891 GC heap after
{Heap after GC invocations=4 (full 0):
 garbage-first heap   total 96256K, used 19587K [0x00000000a2200000, 0x0000000100000000)
  region size 1024K, 6 young (6144K), 6 survivors (6144K)
 Metaspace       used 19128K, committed 19520K, reserved 1073152K
  class space    used 2625K, committed 2816K, reserved 1048576K
}
Event: 3.910 GC heap before
{Heap before GC invocations=4 (full 0):
 garbage-first heap   total 96256K, used 62595K [0x00000000a2200000, 0x0000000100000000)
  region size 1024K, 49 young (50176K), 6 survivors (6144K)
 Metaspace       used 19203K, committed 19584K, reserved 1073152K
  class space    used 2632K, committed 2816K, reserved 1048576K
}
Event: 3.919 GC heap after
{Heap after GC invocations=5 (full 0):
 garbage-first heap   total 96256K, used 19814K [0x00000000a2200000, 0x0000000100000000)
  region size 1024K, 3 young (3072K), 3 survivors (3072K)
 Metaspace       used 19203K, committed 19584K, reserved 1073152K
  class space    used 2632K, committed 2816K, reserved 1048576K
}
Event: 3.939 GC heap before
{Heap before GC invocations=5 (full 0):
 garbage-first heap   total 96256K, used 69990K [0x00000000a2200000, 0x0000000100000000)
  region size 1024K, 53 young (54272K), 3 survivors (3072K)
 Metaspace       used 19203K, committed 19584K, reserved 1073152K
  class space    used 2632K, committed 2816K, reserved 1048576K
}
Event: 4.403 GC heap after
{Heap after GC invocations=6 (full 0):
 garbage-first heap   total 192512K, used 19825K [0x00000000a2200000, 0x0000000100000000)
  region size 1024K, 3 young (3072K), 3 survivors (3072K)
 Metaspace       used 19203K, committed 19584K, reserved 1073152K
  class space    used 2632K, committed 2816K, reserved 1048576K
}
Event: 4.407 GC heap before
{Heap before GC invocations=6 (full 0):
 garbage-first heap   total 192512K, used 24945K [0x00000000a2200000, 0x0000000100000000)
  region size 1024K, 9 young (9216K), 3 survivors (3072K)
 Metaspace       used 19203K, committed 19584K, reserved 1073152K
  class space    used 2632K, committed 2816K, reserved 1048576K
}
Event: 4.411 GC heap after
{Heap after GC invocations=7 (full 0):
 garbage-first heap   total 192512K, used 19952K [0x00000000a2200000, 0x0000000100000000)
  region size 1024K, 1 young (1024K), 1 survivors (1024K)
 Metaspace       used 19203K, committed 19584K, reserved 1073152K
  class space    used 2632K, committed 2816K, reserved 1048576K
}
Event: 4.861 GC heap before
{Heap before GC invocations=7 (full 0):
 garbage-first heap   total 192512K, used 38384K [0x00000000a2200000, 0x0000000100000000)
  region size 1024K, 20 young (20480K), 1 survivors (1024K)
 Metaspace       used 20568K, committed 20928K, reserved 1073152K
  class space    used 2804K, committed 2944K, reserved 1048576K
}
Event: 4.865 GC heap after
{Heap after GC invocations=8 (full 0):
 garbage-first heap   total 192512K, used 20805K [0x00000000a2200000, 0x0000000100000000)
  region size 1024K, 2 young (2048K), 2 survivors (2048K)
 Metaspace       used 20568K, committed 20928K, reserved 1073152K
  class space    used 2804K, committed 2944K, reserved 1048576K
}
Event: 5.195 GC heap before
{Heap before GC invocations=8 (full 0):
 garbage-first heap   total 192512K, used 31045K [0x00000000a2200000, 0x0000000100000000)
  region size 1024K, 13 young (13312K), 2 survivors (2048K)
 Metaspace       used 21155K, committed 21504K, reserved 1073152K
  class space    used 2894K, committed 3072K, reserved 1048576K
}
Event: 5.200 GC heap after
{Heap after GC invocations=9 (full 0):
 garbage-first heap   total 192512K, used 21623K [0x00000000a2200000, 0x0000000100000000)
  region size 1024K, 3 young (3072K), 3 survivors (3072K)
 Metaspace       used 21155K, committed 21504K, reserved 1073152K
  class space    used 2894K, committed 3072K, reserved 1048576K
}
Event: 6.787 GC heap before
{Heap before GC invocations=10 (full 0):
 garbage-first heap   total 78848K, used 65655K [0x00000000a2200000, 0x0000000100000000)
  region size 1024K, 46 young (47104K), 3 survivors (3072K)
 Metaspace       used 26676K, committed 27136K, reserved 1073152K
  class space    used 3722K, committed 3968K, reserved 1048576K
}
Event: 6.799 GC heap after
{Heap after GC invocations=11 (full 0):
 garbage-first heap   total 78848K, used 24883K [0x00000000a2200000, 0x0000000100000000)
  region size 1024K, 6 young (6144K), 6 survivors (6144K)
 Metaspace       used 26676K, committed 27136K, reserved 1073152K
  class space    used 3722K, committed 3968K, reserved 1048576K
}
Event: 8.217 GC heap before
{Heap before GC invocations=11 (full 0):
 garbage-first heap   total 78848K, used 59699K [0x00000000a2200000, 0x0000000100000000)
  region size 1024K, 41 young (41984K), 6 survivors (6144K)
 Metaspace       used 31880K, committed 32320K, reserved 1081344K
  class space    used 4437K, committed 4608K, reserved 1048576K
}
Event: 8.230 GC heap after
{Heap after GC invocations=12 (full 0):
 garbage-first heap   total 78848K, used 27581K [0x00000000a2200000, 0x0000000100000000)
  region size 1024K, 3 young (3072K), 3 survivors (3072K)
 Metaspace       used 31880K, committed 32320K, reserved 1081344K
  class space    used 4437K, committed 4608K, reserved 1048576K
}
Event: 8.884 GC heap before
{Heap before GC invocations=12 (full 0):
 garbage-first heap   total 78848K, used 41917K [0x00000000a2200000, 0x0000000100000000)
  region size 1024K, 18 young (18432K), 3 survivors (3072K)
 Metaspace       used 35467K, committed 35968K, reserved 1081344K
  class space    used 5004K, committed 5248K, reserved 1048576K
}
Event: 8.889 GC heap after
{Heap after GC invocations=13 (full 0):
 garbage-first heap   total 78848K, used 28490K [0x00000000a2200000, 0x0000000100000000)
  region size 1024K, 1 young (1024K), 1 survivors (1024K)
 Metaspace       used 35467K, committed 35968K, reserved 1081344K
  class space    used 5004K, committed 5248K, reserved 1048576K
}
Event: 10.484 GC heap before
{Heap before GC invocations=14 (full 0):
 garbage-first heap   total 78848K, used 62282K [0x00000000a2200000, 0x0000000100000000)
  region size 1024K, 34 young (34816K), 1 survivors (1024K)
 Metaspace       used 43281K, committed 43840K, reserved 1089536K
  class space    used 6141K, committed 6400K, reserved 1048576K
}

